<?xml version="1.0" encoding="UTF-8"?>
<!-- Generated by org.testng.reporters.JUnitXMLReporter -->
<testsuite ignored="1" hostname="nader-_elsayed" failures="0" tests="1" name="Default test" time="2.71" errors="0" timestamp="2021-11-09T13:07:27 EET">
  <testcase classname="Tests.DownloadsMenuTest" name="ChooseMarketPlaceOption" time="2.511"/>
  <testcase classname="Tests.DownloadsMenuTest" name="ChooseDownloadsOptions" time="0.0">
    <ignored/>
  </testcase> <!-- ChooseDownloadsOptions -->
</testsuite> <!-- Default test -->
