<?xml version="1.0" encoding="UTF-8"?>
<testng-results ignored="1" total="2" passed="1" failed="0" skipped="0">
  <reporter-output>
  </reporter-output>
  <suite started-at="2021-11-09T13:07:24 EET" name="Default suite" finished-at="2021-11-09T13:07:27 EET" duration-ms="2710">
    <groups>
    </groups>
    <test started-at="2021-11-09T13:07:24 EET" name="Default test" finished-at="2021-11-09T13:07:27 EET" duration-ms="2710">
      <class name="Tests.DownloadsMenuTest">
        <test-method is-config="true" signature="startDriver()[pri:0, instance:Tests.DownloadsMenuTest@6b88ca8c]" started-at="2021-11-09T13:07:13 EET" name="startDriver" finished-at="2021-11-09T13:07:24 EET" duration-ms="10914" status="PASS">
          <reporter-output>
          </reporter-output>
        </test-method> <!-- startDriver -->
        <test-method signature="ChooseMarketPlaceOption()[pri:0, instance:Tests.DownloadsMenuTest@6b88ca8c]" started-at="2021-11-09T13:07:24 EET" name="ChooseMarketPlaceOption" finished-at="2021-11-09T13:07:27 EET" duration-ms="2511" status="PASS">
          <reporter-output>
          </reporter-output>
        </test-method> <!-- ChooseMarketPlaceOption -->
        <test-method is-config="true" signature="stopDriver()[pri:0, instance:Tests.DownloadsMenuTest@6b88ca8c]" started-at="2021-11-09T13:07:27 EET" name="stopDriver" finished-at="2021-11-09T13:07:28 EET" duration-ms="695" status="PASS">
          <reporter-output>
          </reporter-output>
        </test-method> <!-- stopDriver -->
      </class> <!-- Tests.DownloadsMenuTest -->
    </test> <!-- Default test -->
  </suite> <!-- Default suite -->
</testng-results>
